{
  "stats": {
    "suites": 1,
    "tests": 1,
    "passes": 0,
    "pending": 0,
    "failures": 1,
    "start": "2025-04-15T14:46:16.631Z",
    "end": "2025-04-15T14:46:24.089Z",
    "duration": 7458,
    "testsRegistered": 1,
    "passPercent": 0,
    "pendingPercent": 0,
    "other": 0,
    "hasOther": false,
    "skipped": 0,
    "hasSkipped": false
  },
  "results": [
    {
      "uuid": "12eeaf7f-9201-44f3-94b5-db53753fa50c",
      "title": "",
      "fullFile": "cypress\\e2e\\Erro.cy.js",
      "file": "cypress\\e2e\\Erro.cy.js",
      "beforeHooks": [],
      "afterHooks": [],
      "tests": [],
      "suites": [
        {
          "uuid": "e2891dbb-d7e4-49c9-a37a-461f1938c34f",
          "title": "Teste de Exemplo com Falha",
          "fullFile": "",
          "file": "",
          "beforeHooks": [],
          "afterHooks": [],
          "tests": [
            {
              "title": "Página incorreta",
              "fullTitle": "Teste de Exemplo com Falha Página incorreta",
              "timedOut": null,
              "duration": 5938,
              "state": "failed",
              "speed": null,
              "pass": false,
              "fail": true,
              "pending": false,
              "context": null,
              "code": "cy.visit('https://automationpratice.com.br/login');\n// Aguarda um pouco só pra capturar bem no vídeo\ncy.wait(1000);\n// Verifica o título (intencionalmente errado para forçar falha)\ncy.title().should('include', 'QAZANDO simulação erro'); // Isso vai falhar de propósito",
              "err": {
                "message": "AssertionError: Timed out retrying after 4000ms: expected 'QAZANDO Shop E-Commerce' to include 'QAZANDO simulação erro'",
                "estack": "AssertionError: Timed out retrying after 4000ms: expected 'QAZANDO Shop E-Commerce' to include 'QAZANDO simulação erro'\n    at Context.eval (webpack://automacao-web-cypress/./cypress/e2e/Erro.cy.js:9:17)",
                "diff": null
              },
              "uuid": "2ddcfd48-c0b0-4039-9384-488eba97fcd4",
              "parentUUID": "e2891dbb-d7e4-49c9-a37a-461f1938c34f",
              "isHook": false,
              "skipped": false
            }
          ],
          "suites": [],
          "passes": [],
          "failures": [
            "2ddcfd48-c0b0-4039-9384-488eba97fcd4"
          ],
          "pending": [],
          "skipped": [],
          "duration": 5938,
          "root": false,
          "rootEmpty": false,
          "_timeout": 2000
        }
      ],
      "passes": [],
      "failures": [],
      "pending": [],
      "skipped": [],
      "duration": 0,
      "root": true,
      "rootEmpty": true,
      "_timeout": 2000
    }
  ],
  "meta": {
    "mocha": {
      "version": "7.2.0"
    },
    "mochawesome": {
      "options": {
        "quiet": false,
        "reportFilename": "mochawesome",
        "saveHtml": false,
        "saveJson": true,
        "consoleReporter": "spec",
        "useInlineDiffs": false,
        "code": true
      },
      "version": "7.1.3"
    },
    "marge": {
      "options": {
        "reportDir": "cypress/reports",
        "overwrite": false,
        "html": false,
        "json": true
      },
      "version": "6.2.0"
    }
  }
}