{
  "stats": {
    "suites": 1,
    "tests": 1,
    "passes": 1,
    "pending": 0,
    "failures": 0,
    "start": "2025-04-17T12:23:56.464Z",
    "end": "2025-04-17T12:24:02.496Z",
    "duration": 6032,
    "testsRegistered": 1,
    "passPercent": 100,
    "pendingPercent": 0,
    "other": 0,
    "hasOther": false,
    "skipped": 0,
    "hasSkipped": false
  },
  "results": [
    {
      "uuid": "efa47947-d0bd-4388-81c1-7b76d094843c",
      "title": "",
      "fullFile": "cypress\\e2e\\simulacao-compra.cy.js",
      "file": "cypress\\e2e\\simulacao-compra.cy.js",
      "beforeHooks": [],
      "afterHooks": [],
      "tests": [],
      "suites": [
        {
          "uuid": "524b70b4-2592-4a81-97d9-5a2ebbef83d9",
          "title": "Adicionar item ao carrinho",
          "fullFile": "",
          "file": "",
          "beforeHooks": [],
          "afterHooks": [],
          "tests": [
            {
              "title": "Deve adicionar o produto ao carrinho",
              "fullTitle": "Adicionar item ao carrinho Deve adicionar o produto ao carrinho",
              "timedOut": null,
              "duration": 4457,
              "state": "passed",
              "speed": "fast",
              "pass": true,
              "fail": false,
              "pending": false,
              "context": "{\n  \"title\": \"cypress-mochawesome-reporter-videos-passed\",\n  \"value\": \"cypress\\\\e2e\\\\simulacao-compra.cy.js\"\n}",
              "code": "carrinhoPage.acessarLoja();\ncarrinhoPage.clicarPrimeiroProduto();\ncarrinhoPage.adicionarAoCarrinho();\ncarrinhoPage.abrirMiniCarrinho();\ncarrinhoPage.irParaDetalhesProduto();\ncarrinhoPage.verCarrinho();\ncarrinhoPage.validarProdutoAdicionado('Green Dress For Woman');",
              "err": {},
              "uuid": "ca19189c-4b96-400b-982a-acad614182ba",
              "parentUUID": "524b70b4-2592-4a81-97d9-5a2ebbef83d9",
              "isHook": false,
              "skipped": false
            }
          ],
          "suites": [],
          "passes": [
            "ca19189c-4b96-400b-982a-acad614182ba"
          ],
          "failures": [],
          "pending": [],
          "skipped": [],
          "duration": 4457,
          "root": false,
          "rootEmpty": false,
          "_timeout": 2000
        }
      ],
      "passes": [],
      "failures": [],
      "pending": [],
      "skipped": [],
      "duration": 0,
      "root": true,
      "rootEmpty": true,
      "_timeout": 2000
    }
  ],
  "meta": {
    "mocha": {
      "version": "7.2.0"
    },
    "mochawesome": {
      "options": {
        "quiet": false,
        "reportFilename": "mochawesome",
        "saveHtml": true,
        "saveJson": true,
        "consoleReporter": "spec",
        "useInlineDiffs": false,
        "code": true
      },
      "version": "7.1.3"
    },
    "marge": {
      "options": {
        "reportDir": "cypress/reports",
        "overwrite": false,
        "html": true,
        "json": true
      },
      "version": "6.2.0"
    }
  }
}