{
  "stats": {
    "suites": 1,
    "tests": 5,
    "passes": 5,
    "pending": 0,
    "failures": 0,
    "start": "2025-04-15T14:46:27.990Z",
    "end": "2025-04-15T14:46:34.420Z",
    "duration": 6430,
    "testsRegistered": 5,
    "passPercent": 100,
    "pendingPercent": 0,
    "other": 0,
    "hasOther": false,
    "skipped": 0,
    "hasSkipped": false
  },
  "results": [
    {
      "uuid": "af7e8f4b-3d35-4d33-9e67-ce996f7cbf80",
      "title": "",
      "fullFile": "cypress\\e2e\\login.cy.js",
      "file": "cypress\\e2e\\login.cy.js",
      "beforeHooks": [],
      "afterHooks": [],
      "tests": [],
      "suites": [
        {
          "uuid": "833dff9c-a26e-4fde-a217-6cfc91724971",
          "title": "Login",
          "fullFile": "",
          "file": "",
          "beforeHooks": [],
          "afterHooks": [],
          "tests": [
            {
              "title": "Login com sucesso",
              "fullTitle": "Login Login com sucesso",
              "timedOut": null,
              "duration": 1580,
              "state": "passed",
              "speed": "fast",
              "pass": true,
              "fail": false,
              "pending": false,
              "context": null,
              "code": "// Dado \ncy.visit('https://automationpratice.com.br/login');\ncy.get('#user').type('edu@qazando.com');\ncy.get('#password').type('123456');\n// Quando\ncy.get('#btnLogin').click();\n// Então\ncy.get('#swal2-title').should('have.text', \"Login realizado\");\ncy.url().should('contain', '/my-account');",
              "err": {},
              "uuid": "39bc0689-55ca-48d6-97e5-e0d74dc45aae",
              "parentUUID": "833dff9c-a26e-4fde-a217-6cfc91724971",
              "isHook": false,
              "skipped": false
            },
            {
              "title": "Login com email vazio",
              "fullTitle": "Login Login com email vazio",
              "timedOut": null,
              "duration": 678,
              "state": "passed",
              "speed": "fast",
              "pass": true,
              "fail": false,
              "pending": false,
              "context": null,
              "code": "cy.visit('https://automationpratice.com.br/login');\ncy.get('#password').type('123456');\ncy.get('#btnLogin').click();\ncy.get('.invalid_input').should('have.text', \"E-mail inválido.\");",
              "err": {},
              "uuid": "5674328b-8cab-4de5-aa57-964237e3608a",
              "parentUUID": "833dff9c-a26e-4fde-a217-6cfc91724971",
              "isHook": false,
              "skipped": false
            },
            {
              "title": "Login com senha vazia",
              "fullTitle": "Login Login com senha vazia",
              "timedOut": null,
              "duration": 776,
              "state": "passed",
              "speed": "fast",
              "pass": true,
              "fail": false,
              "pending": false,
              "context": null,
              "code": "cy.visit('https://automationpratice.com.br/login');\ncy.get('#user').type('edu@qazando.com');\ncy.get('#btnLogin').click();\ncy.get('.invalid_input').should('have.text', \"Senha inválida.\");",
              "err": {},
              "uuid": "772699a2-e942-4d49-a8ab-9bdfb3e895c4",
              "parentUUID": "833dff9c-a26e-4fde-a217-6cfc91724971",
              "isHook": false,
              "skipped": false
            },
            {
              "title": "Login com email invalido",
              "fullTitle": "Login Login com email invalido",
              "timedOut": null,
              "duration": 960,
              "state": "passed",
              "speed": "fast",
              "pass": true,
              "fail": false,
              "pending": false,
              "context": null,
              "code": "cy.visit('https://automationpratice.com.br/login');\ncy.get('#user').type('akljljljljlkjk');\ncy.get('#password').type('123456');\ncy.get('#btnLogin').click();\ncy.get('.invalid_input').should('have.text', \"E-mail inválido.\");",
              "err": {},
              "uuid": "bf108929-ac8e-4d9e-94ec-78e8c140225c",
              "parentUUID": "833dff9c-a26e-4fde-a217-6cfc91724971",
              "isHook": false,
              "skipped": false
            },
            {
              "title": "Login com senha invalida",
              "fullTitle": "Login Login com senha invalida",
              "timedOut": null,
              "duration": 950,
              "state": "passed",
              "speed": "fast",
              "pass": true,
              "fail": false,
              "pending": false,
              "context": null,
              "code": "cy.visit('https://automationpratice.com.br/login');\ncy.get('#user').type('edu@qazando.com');\ncy.get('#password').type('123');\ncy.get('#btnLogin').click();\ncy.get('.invalid_input').should('have.text', \"Senha inválida.\");",
              "err": {},
              "uuid": "d5519478-6f02-4509-83fc-6cd0ec52aee0",
              "parentUUID": "833dff9c-a26e-4fde-a217-6cfc91724971",
              "isHook": false,
              "skipped": false
            }
          ],
          "suites": [],
          "passes": [
            "39bc0689-55ca-48d6-97e5-e0d74dc45aae",
            "5674328b-8cab-4de5-aa57-964237e3608a",
            "772699a2-e942-4d49-a8ab-9bdfb3e895c4",
            "bf108929-ac8e-4d9e-94ec-78e8c140225c",
            "d5519478-6f02-4509-83fc-6cd0ec52aee0"
          ],
          "failures": [],
          "pending": [],
          "skipped": [],
          "duration": 4944,
          "root": false,
          "rootEmpty": false,
          "_timeout": 2000
        }
      ],
      "passes": [],
      "failures": [],
      "pending": [],
      "skipped": [],
      "duration": 0,
      "root": true,
      "rootEmpty": true,
      "_timeout": 2000
    }
  ],
  "meta": {
    "mocha": {
      "version": "7.2.0"
    },
    "mochawesome": {
      "options": {
        "quiet": false,
        "reportFilename": "mochawesome",
        "saveHtml": false,
        "saveJson": true,
        "consoleReporter": "spec",
        "useInlineDiffs": false,
        "code": true
      },
      "version": "7.1.3"
    },
    "marge": {
      "options": {
        "reportDir": "cypress/reports",
        "overwrite": false,
        "html": false,
        "json": true
      },
      "version": "6.2.0"
    }
  }
}