{
  "stats": {
    "suites": 1,
    "tests": 5,
    "passes": 5,
    "pending": 0,
    "failures": 0,
    "start": "2025-04-15T15:31:46.953Z",
    "end": "2025-04-15T15:31:53.732Z",
    "duration": 6779,
    "testsRegistered": 5,
    "passPercent": 100,
    "pendingPercent": 0,
    "other": 0,
    "hasOther": false,
    "skipped": 0,
    "hasSkipped": false
  },
  "results": [
    {
      "uuid": "46813d8b-d61f-4c28-8e4d-f995ba2de426",
      "title": "",
      "fullFile": "cypress\\e2e\\login.cy.js",
      "file": "cypress\\e2e\\login.cy.js",
      "beforeHooks": [],
      "afterHooks": [],
      "tests": [],
      "suites": [
        {
          "uuid": "0867f4ea-4329-4d98-844b-74ddfa79d4c6",
          "title": "Login",
          "fullFile": "",
          "file": "",
          "beforeHooks": [],
          "afterHooks": [],
          "tests": [
            {
              "title": "Login com sucesso",
              "fullTitle": "Login Login com sucesso",
              "timedOut": null,
              "duration": 1796,
              "state": "passed",
              "speed": "fast",
              "pass": true,
              "fail": false,
              "pending": false,
              "context": null,
              "code": "// Dado \ncy.visit('https://automationpratice.com.br/login');\ncy.get('#user').type('edu@qazando.com');\ncy.get('#password').type('123456');\n// Quando\ncy.get('#btnLogin').click();\n// Então\ncy.get('#swal2-title').should('have.text', \"Login realizado\");\ncy.url().should('contain', '/my-account');",
              "err": {},
              "uuid": "46de8a8a-924a-438a-a525-420c42425fe4",
              "parentUUID": "0867f4ea-4329-4d98-844b-74ddfa79d4c6",
              "isHook": false,
              "skipped": false
            },
            {
              "title": "Login com email vazio",
              "fullTitle": "Login Login com email vazio",
              "timedOut": null,
              "duration": 707,
              "state": "passed",
              "speed": "fast",
              "pass": true,
              "fail": false,
              "pending": false,
              "context": null,
              "code": "cy.visit('https://automationpratice.com.br/login');\ncy.get('#password').type('123456');\ncy.get('#btnLogin').click();\ncy.get('.invalid_input').should('have.text', \"E-mail inválido.\");",
              "err": {},
              "uuid": "bb44935e-b71f-40b8-b5cf-c436b7cdf239",
              "parentUUID": "0867f4ea-4329-4d98-844b-74ddfa79d4c6",
              "isHook": false,
              "skipped": false
            },
            {
              "title": "Login com senha vazia",
              "fullTitle": "Login Login com senha vazia",
              "timedOut": null,
              "duration": 763,
              "state": "passed",
              "speed": "fast",
              "pass": true,
              "fail": false,
              "pending": false,
              "context": null,
              "code": "cy.visit('https://automationpratice.com.br/login');\ncy.get('#user').type('edu@qazando.com');\ncy.get('#btnLogin').click();\ncy.get('.invalid_input').should('have.text', \"Senha inválida.\");",
              "err": {},
              "uuid": "331c61ac-a222-478d-bb0d-e3fc5106d4c2",
              "parentUUID": "0867f4ea-4329-4d98-844b-74ddfa79d4c6",
              "isHook": false,
              "skipped": false
            },
            {
              "title": "Login com email invalido",
              "fullTitle": "Login Login com email invalido",
              "timedOut": null,
              "duration": 955,
              "state": "passed",
              "speed": "fast",
              "pass": true,
              "fail": false,
              "pending": false,
              "context": null,
              "code": "cy.visit('https://automationpratice.com.br/login');\ncy.get('#user').type('akljljljljlkjk');\ncy.get('#password').type('123456');\ncy.get('#btnLogin').click();\ncy.get('.invalid_input').should('have.text', \"E-mail inválido.\");",
              "err": {},
              "uuid": "9f375a3f-6755-4c09-b99b-0e2234e5c865",
              "parentUUID": "0867f4ea-4329-4d98-844b-74ddfa79d4c6",
              "isHook": false,
              "skipped": false
            },
            {
              "title": "Login com senha invalida",
              "fullTitle": "Login Login com senha invalida",
              "timedOut": null,
              "duration": 952,
              "state": "passed",
              "speed": "fast",
              "pass": true,
              "fail": false,
              "pending": false,
              "context": null,
              "code": "cy.visit('https://automationpratice.com.br/login');\ncy.get('#user').type('edu@qazando.com');\ncy.get('#password').type('123');\ncy.get('#btnLogin').click();\ncy.get('.invalid_input').should('have.text', \"Senha inválida.\");",
              "err": {},
              "uuid": "5fb1cb8b-ed58-490b-a14c-958d2b01b253",
              "parentUUID": "0867f4ea-4329-4d98-844b-74ddfa79d4c6",
              "isHook": false,
              "skipped": false
            }
          ],
          "suites": [],
          "passes": [
            "46de8a8a-924a-438a-a525-420c42425fe4",
            "bb44935e-b71f-40b8-b5cf-c436b7cdf239",
            "331c61ac-a222-478d-bb0d-e3fc5106d4c2",
            "9f375a3f-6755-4c09-b99b-0e2234e5c865",
            "5fb1cb8b-ed58-490b-a14c-958d2b01b253"
          ],
          "failures": [],
          "pending": [],
          "skipped": [],
          "duration": 5173,
          "root": false,
          "rootEmpty": false,
          "_timeout": 2000
        }
      ],
      "passes": [],
      "failures": [],
      "pending": [],
      "skipped": [],
      "duration": 0,
      "root": true,
      "rootEmpty": true,
      "_timeout": 2000
    }
  ],
  "meta": {
    "mocha": {
      "version": "7.2.0"
    },
    "mochawesome": {
      "options": {
        "quiet": false,
        "reportFilename": "mochawesome",
        "saveHtml": true,
        "saveJson": true,
        "consoleReporter": "spec",
        "useInlineDiffs": false,
        "code": true
      },
      "version": "7.1.3"
    },
    "marge": {
      "options": {
        "reportDir": "cypress/reports",
        "overwrite": false,
        "html": true,
        "json": true
      },
      "version": "6.2.0"
    }
  }
}