{
  "stats": {
    "suites": 1,
    "tests": 1,
    "passes": 0,
    "pending": 0,
    "failures": 1,
    "start": "2025-04-15T15:27:56.687Z",
    "end": "2025-04-15T15:28:04.007Z",
    "duration": 7320,
    "testsRegistered": 1,
    "passPercent": 0,
    "pendingPercent": 0,
    "other": 0,
    "hasOther": false,
    "skipped": 0,
    "hasSkipped": false
  },
  "results": [
    {
      "uuid": "121a6f99-8662-4242-97c4-2d64f3df1407",
      "title": "",
      "fullFile": "cypress\\e2e\\pagina-com-erro.cy.js",
      "file": "cypress\\e2e\\pagina-com-erro.cy.js",
      "beforeHooks": [],
      "afterHooks": [],
      "tests": [],
      "suites": [
        {
          "uuid": "0c95cc82-0b3c-4922-b48c-5a56caf6cdba",
          "title": "Teste de Exemplo com Falha",
          "fullFile": "",
          "file": "",
          "beforeHooks": [],
          "afterHooks": [],
          "tests": [
            {
              "title": "Página incorreta",
              "fullTitle": "Teste de Exemplo com Falha Página incorreta",
              "timedOut": null,
              "duration": 5804,
              "state": "failed",
              "speed": null,
              "pass": false,
              "fail": true,
              "pending": false,
              "context": null,
              "code": "cy.visit('https://automationpratice.com.br/login');\n// Aguarda um pouco só pra capturar bem no vídeo\ncy.wait(1000);\n// Verifica o título (intencionalmente errado para forçar falha)\ncy.title().should('include', 'QAZANDO simulação erro'); // Isso vai falhar de propósito",
              "err": {
                "message": "AssertionError: Timed out retrying after 4000ms: expected 'QAZANDO Shop E-Commerce' to include 'QAZANDO simulação erro'",
                "estack": "AssertionError: Timed out retrying after 4000ms: expected 'QAZANDO Shop E-Commerce' to include 'QAZANDO simulação erro'\n    at Context.eval (webpack://automacao-web-cypress/./cypress/e2e/pagina-com-erro.cy.js:9:17)",
                "diff": null
              },
              "uuid": "1bffde82-245e-45c9-8d2f-ce582d8e99f6",
              "parentUUID": "0c95cc82-0b3c-4922-b48c-5a56caf6cdba",
              "isHook": false,
              "skipped": false
            }
          ],
          "suites": [],
          "passes": [],
          "failures": [
            "1bffde82-245e-45c9-8d2f-ce582d8e99f6"
          ],
          "pending": [],
          "skipped": [],
          "duration": 5804,
          "root": false,
          "rootEmpty": false,
          "_timeout": 2000
        }
      ],
      "passes": [],
      "failures": [],
      "pending": [],
      "skipped": [],
      "duration": 0,
      "root": true,
      "rootEmpty": true,
      "_timeout": 2000
    }
  ],
  "meta": {
    "mocha": {
      "version": "7.2.0"
    },
    "mochawesome": {
      "options": {
        "quiet": false,
        "reportFilename": "mochawesome",
        "saveHtml": true,
        "saveJson": true,
        "consoleReporter": "spec",
        "useInlineDiffs": false,
        "code": true
      },
      "version": "7.1.3"
    },
    "marge": {
      "options": {
        "reportDir": "cypress/reports",
        "overwrite": false,
        "html": true,
        "json": true
      },
      "version": "6.2.0"
    }
  }
}