{
  "stats": {
    "suites": 1,
    "tests": 5,
    "passes": 5,
    "pending": 0,
    "failures": 0,
    "start": "2025-04-15T14:39:21.481Z",
    "end": "2025-04-15T14:39:28.132Z",
    "duration": 6651,
    "testsRegistered": 5,
    "passPercent": 100,
    "pendingPercent": 0,
    "other": 0,
    "hasOther": false,
    "skipped": 0,
    "hasSkipped": false
  },
  "results": [
    {
      "uuid": "1a0642c8-7fc1-4b84-8fa3-f76b53b43d92",
      "title": "",
      "fullFile": "cypress\\e2e\\login.cy.js",
      "file": "cypress\\e2e\\login.cy.js",
      "beforeHooks": [],
      "afterHooks": [],
      "tests": [],
      "suites": [
        {
          "uuid": "eddb8737-efc5-4658-b48f-54a6b8523881",
          "title": "Login",
          "fullFile": "",
          "file": "",
          "beforeHooks": [],
          "afterHooks": [],
          "tests": [
            {
              "title": "Login com sucesso",
              "fullTitle": "Login Login com sucesso",
              "timedOut": null,
              "duration": 1707,
              "state": "passed",
              "speed": "fast",
              "pass": true,
              "fail": false,
              "pending": false,
              "context": null,
              "code": "// Dado \ncy.visit('https://automationpratice.com.br/login');\ncy.get('#user').type('edu@qazando.com');\ncy.get('#password').type('123456');\n// Quando\ncy.get('#btnLogin').click();\n// Então\ncy.get('#swal2-title').should('have.text', \"Login realizado\");\ncy.url().should('contain', '/my-account');",
              "err": {},
              "uuid": "53f10f84-0251-4eab-a4cf-42fc39d57081",
              "parentUUID": "eddb8737-efc5-4658-b48f-54a6b8523881",
              "isHook": false,
              "skipped": false
            },
            {
              "title": "Login com email vazio",
              "fullTitle": "Login Login com email vazio",
              "timedOut": null,
              "duration": 684,
              "state": "passed",
              "speed": "fast",
              "pass": true,
              "fail": false,
              "pending": false,
              "context": null,
              "code": "cy.visit('https://automationpratice.com.br/login');\ncy.get('#password').type('123456');\ncy.get('#btnLogin').click();\ncy.get('.invalid_input').should('have.text', \"E-mail inválido.\");",
              "err": {},
              "uuid": "587d5ad8-da99-475d-8fea-4ec3bcd6a6ba",
              "parentUUID": "eddb8737-efc5-4658-b48f-54a6b8523881",
              "isHook": false,
              "skipped": false
            },
            {
              "title": "Login com senha vazia",
              "fullTitle": "Login Login com senha vazia",
              "timedOut": null,
              "duration": 774,
              "state": "passed",
              "speed": "fast",
              "pass": true,
              "fail": false,
              "pending": false,
              "context": null,
              "code": "cy.visit('https://automationpratice.com.br/login');\ncy.get('#user').type('edu@qazando.com');\ncy.get('#btnLogin').click();\ncy.get('.invalid_input').should('have.text', \"Senha inválida.\");",
              "err": {},
              "uuid": "95c2e299-fedc-4614-b122-a9fc6e34eba1",
              "parentUUID": "eddb8737-efc5-4658-b48f-54a6b8523881",
              "isHook": false,
              "skipped": false
            },
            {
              "title": "Login com email invalido",
              "fullTitle": "Login Login com email invalido",
              "timedOut": null,
              "duration": 956,
              "state": "passed",
              "speed": "fast",
              "pass": true,
              "fail": false,
              "pending": false,
              "context": null,
              "code": "cy.visit('https://automationpratice.com.br/login');\ncy.get('#user').type('akljljljljlkjk');\ncy.get('#password').type('123456');\ncy.get('#btnLogin').click();\ncy.get('.invalid_input').should('have.text', \"E-mail inválido.\");",
              "err": {},
              "uuid": "8ffaa767-e1de-4f6e-b816-97233ced1402",
              "parentUUID": "eddb8737-efc5-4658-b48f-54a6b8523881",
              "isHook": false,
              "skipped": false
            },
            {
              "title": "Login com senha invalida",
              "fullTitle": "Login Login com senha invalida",
              "timedOut": null,
              "duration": 936,
              "state": "passed",
              "speed": "fast",
              "pass": true,
              "fail": false,
              "pending": false,
              "context": null,
              "code": "cy.visit('https://automationpratice.com.br/login');\ncy.get('#user').type('edu@qazando.com');\ncy.get('#password').type('123');\ncy.get('#btnLogin').click();\ncy.get('.invalid_input').should('have.text', \"Senha inválida.\");",
              "err": {},
              "uuid": "7597bef0-3007-4a17-a28b-f9bb8a6fd8e5",
              "parentUUID": "eddb8737-efc5-4658-b48f-54a6b8523881",
              "isHook": false,
              "skipped": false
            }
          ],
          "suites": [],
          "passes": [
            "53f10f84-0251-4eab-a4cf-42fc39d57081",
            "587d5ad8-da99-475d-8fea-4ec3bcd6a6ba",
            "95c2e299-fedc-4614-b122-a9fc6e34eba1",
            "8ffaa767-e1de-4f6e-b816-97233ced1402",
            "7597bef0-3007-4a17-a28b-f9bb8a6fd8e5"
          ],
          "failures": [],
          "pending": [],
          "skipped": [],
          "duration": 5057,
          "root": false,
          "rootEmpty": false,
          "_timeout": 2000
        }
      ],
      "passes": [],
      "failures": [],
      "pending": [],
      "skipped": [],
      "duration": 0,
      "root": true,
      "rootEmpty": true,
      "_timeout": 2000
    }
  ],
  "meta": {
    "mocha": {
      "version": "7.2.0"
    },
    "mochawesome": {
      "options": {
        "quiet": false,
        "reportFilename": "mochawesome",
        "saveHtml": false,
        "saveJson": true,
        "consoleReporter": "spec",
        "useInlineDiffs": false,
        "code": true
      },
      "version": "7.1.3"
    },
    "marge": {
      "options": {
        "reportDir": "cypress/reports",
        "overwrite": false,
        "html": false,
        "json": true
      },
      "version": "6.2.0"
    }
  }
}